{"name":"verifyCreateEarlyAccessNotActive","id":"api.EarlyAccessAPITest:verifyCreateEarlyAccessNotActive","testCaseName":"api.EarlyAccessAPITest","testSteps":[{"number":1,"description":"Early access create AP icall not active status","duration":283,"startTime":"2019-09-06T10:45:54.429-06:00[America/Denver]","exception":{"errorType":"java.lang.AssertionError","message":"1 expectation failed.\nExpected status code \u003c200\u003e but was \u003c404\u003e.\n","stackTrace":[{"declaringClass":"io.restassured.internal.ResponseSpecificationImpl","methodName":"validateResponseIfRequired","fileName":"ResponseSpecificationImpl.groovy","lineNumber":656},{"declaringClass":"io.restassured.internal.ResponseSpecificationImpl","methodName":"statusCode","fileName":"ResponseSpecificationImpl.groovy","lineNumber":125},{"declaringClass":"io.restassured.internal.ResponseSpecificationImpl","methodName":"statusCode","fileName":"ResponseSpecificationImpl.groovy","lineNumber":133},{"declaringClass":"io.restassured.internal.ValidatableResponseOptionsImpl","methodName":"statusCode","fileName":"ValidatableResponseOptionsImpl.java","lineNumber":119},{"declaringClass":"steps.api.EarlyAccessProductControllerAPISteps","methodName":"earlyAccessCreateAPIcallNotActiveStatus","fileName":"EarlyAccessProductControllerAPISteps.java","lineNumber":101},{"declaringClass":"api.EarlyAccessAPITest","methodName":"verifyCreateEarlyAccessNotActive","fileName":"EarlyAccessAPITest.java","lineNumber":37}]},"result":"FAILURE","precondition":false,"level":0,"children":[{"number":2,"description":"POST http://earlyaccess.cluboautomation.test.ostk.com:8080/early/access/product/batch/create","duration":0,"startTime":"2019-09-06T10:45:54.678-06:00[America/Denver]","result":"SUCCESS","restQuery":{"method":"POST","path":"http://earlyaccess.cluboautomation.test.ostk.com:8080/early/access/product/batch/create","content":"{\n    \"earlyAccessProductDtos\": [\n        {\n            \"endDate\": \"2019-09-06T10:45:54.432\",\n            \"productId\": 4497,\n            \"startDate\": \"2019-08-27T10:45:54.432\"\n        }\n    ]\n}","contentType":"application/json","requestHeaders":"Accept\u003d*/*\n\t\t\t\tContent-Type\u003dapplication/json; charset\u003dUTF-8","requestCookies":"","responseHeaders":"Content-Type: application/json;charset\u003dUTF-8\nTransfer-Encoding: chunked\nDate: Fri, 06 Sep 2019 16:45:54 GMT","responseCookies":"","responseBody":"{\n    \"timestamp\": \"2019-09-06T16:45:54.667+0000\",\n    \"status\": 404,\n    \"error\": \"Not Found\",\n    \"message\": \"No message available\",\n    \"path\": \"/early/access/product/batch/create\"\n}","statusCode":404},"precondition":false,"level":1}]}],"userStory":{"id":"api.EarlyAccessAPITest","storyName":"Early access API test","storyClassName":"api.EarlyAccessAPITest","path":"api","type":"story"},"featureTag":{"name":"Api/Early access API test","type":"story","displayName":"Api/Early access API test"},"title":"Verify create early access not active","tags":[{"name":"API","type":"type","displayName":"API"},{"name":"Api/Early access API test","type":"story","displayName":"Api/Early access API test"}],"startTime":"2019-09-06T10:45:54.426-06:00[America/Denver]","duration":298,"testFailureCause":{"errorType":"java.lang.AssertionError","message":"1 expectation failed.\nExpected status code \u003c200\u003e but was \u003c404\u003e.\n","stackTrace":[{"declaringClass":"io.restassured.internal.ResponseSpecificationImpl","methodName":"validateResponseIfRequired","fileName":"ResponseSpecificationImpl.groovy","lineNumber":656},{"declaringClass":"io.restassured.internal.ResponseSpecificationImpl","methodName":"statusCode","fileName":"ResponseSpecificationImpl.groovy","lineNumber":125},{"declaringClass":"io.restassured.internal.ResponseSpecificationImpl","methodName":"statusCode","fileName":"ResponseSpecificationImpl.groovy","lineNumber":133},{"declaringClass":"io.restassured.internal.ValidatableResponseOptionsImpl","methodName":"statusCode","fileName":"ValidatableResponseOptionsImpl.java","lineNumber":119},{"declaringClass":"steps.api.EarlyAccessProductControllerAPISteps","methodName":"earlyAccessCreateAPIcallNotActiveStatus","fileName":"EarlyAccessProductControllerAPISteps.java","lineNumber":101},{"declaringClass":"api.EarlyAccessAPITest","methodName":"verifyCreateEarlyAccessNotActive","fileName":"EarlyAccessAPITest.java","lineNumber":37}]},"testFailureClassname":"java.lang.AssertionError","testFailureMessage":"1 expectation failed.\nExpected status code \u003c200\u003e but was \u003c404\u003e.\n","testFailureSummary":"FAILURE;java.lang.AssertionError;1 expectation failed.\nExpected status code \u003c200\u003e but was \u003c404\u003e.\n;ResponseSpecificationImpl.groovy","projectKey":"","annotatedResult":"FAILURE","manual":false,"testSource":"JUnit","result":"FAILURE"}